Using pre-set license
Built from '2020.3/staging' branch; Version is '2020.3.6f1 (338bb68529b2) revision 3378102'; Using compiler version '192528614'; Build Type 'Release'
OS: 'Windows 10 Home; OS build 19042.1052; Version 2009; 64bit' Language: 'en' Physical Memory: 16335 MB
BatchMode: 1, IsHumanControllingUs: 0, StartBugReporterOnCrash: 0, Is64bit: 1, IsPro: 0

 COMMAND LINE ARGUMENTS:
D:\Unity\2020.3.6f1\Editor\Unity.exe
-adb2
-batchMode
-noUpm
-name
AssetImportWorker0
-projectPath
D:/MDP-GameRepository/MDP-GameProjectFile
-logFile
Logs/AssetImportWorker0.log
-srvPort
49335
Successfully changed project path to: D:/MDP-GameRepository/MDP-GameProjectFile
D:/MDP-GameRepository/MDP-GameProjectFile
Using Asset Import Pipeline V2.
Refreshing native plugins compatible for Editor in 53.51 ms, found 1 plugins.
Preloading 0 native plugins for Editor in 0.00 ms.
Initialize engine version: 2020.3.6f1 (338bb68529b2)
[Subsystems] Discovering subsystems at path D:/Unity/2020.3.6f1/Editor/Data/Resources/UnitySubsystems
[Subsystems] Discovering subsystems at path D:/MDP-GameRepository/MDP-GameProjectFile/Assets
GfxDevice: creating device client; threaded=0
Direct3D:
    Version:  Direct3D 11.0 [level 11.1]
    Renderer: AMD Radeon RX 5700 XT (ID=0x731f)
    Vendor:   
    VRAM:     8151 MB
    Driver:   27.20.21003.8013
Initialize mono
Mono path[0] = 'D:/Unity/2020.3.6f1/Editor/Data/Managed'
Mono path[1] = 'D:/Unity/2020.3.6f1/Editor/Data/MonoBleedingEdge/lib/mono/unityjit'
Mono config path = 'D:/Unity/2020.3.6f1/Editor/Data/MonoBleedingEdge/etc'
Using monoOptions --debugger-agent=transport=dt_socket,embedding=1,server=y,suspend=n,address=127.0.0.1:56976
Begin MonoManager ReloadAssembly
Registering precompiled unity dll's ...
Register platform support module: D:/Unity/2020.3.6f1/Editor/Data/PlaybackEngines/WindowsStandaloneSupport/UnityEditor.WindowsStandalone.Extensions.dll
Registered in 0.001141 seconds.
Native extension for WindowsStandalone target not found
Refreshing native plugins compatible for Editor in 36.45 ms, found 1 plugins.
Preloading 0 native plugins for Editor in 0.00 ms.
Mono: successfully reloaded assembly
- Completed reload, in  1.152 seconds
Platform modules already initialized, skipping
Registering precompiled user dll's ...
Registered in 0.000827 seconds.
Begin MonoManager ReloadAssembly
Native extension for WindowsStandalone target not found
Refreshing native plugins compatible for Editor in 35.85 ms, found 1 plugins.
Preloading 0 native plugins for Editor in 0.00 ms.
Mono: successfully reloaded assembly
- Completed reload, in  0.944 seconds
Platform modules already initialized, skipping
========================================================================
Worker process is ready to serve import requests
Launched and connected shader compiler UnityShaderCompiler.exe after 0.06 seconds
Refreshing native plugins compatible for Editor in 0.42 ms, found 1 plugins.
Preloading 0 native plugins for Editor in 0.00 ms.
Unloading 1816 Unused Serialized files (Serialized files now loaded: 0)
System memory in use before: 85.0 MB.
System memory in use after: 85.0 MB.

Unloading 23 unused Assets to reduce memory usage. Loaded Objects now: 2260.
Total: 9.736100 ms (FindLiveObjects: 0.171300 ms CreateObjectMapping: 0.071000 ms MarkObjects: 9.377500 ms  DeleteObjects: 0.115100 ms)

========================================================================
Received Import Request.
  path: Assets/Scripts
  artifactKey: Guid(2cfdc313b8a534e4d8444cbce770c4ce) Importer(815301076,1909f56bfc062723c751e8b465ee728b)
Start importing Assets/Scripts using Guid(2cfdc313b8a534e4d8444cbce770c4ce) Importer(815301076,1909f56bfc062723c751e8b465ee728b)  -> (artifact id: '443ced22da83ea068a51d2cee7a2d3e8') in 0.004580 seconds
  Import took 0.007445 seconds .

========================================================================
Received Import Request.
  Time since last request: 2.387735 seconds.
  path: Assets/Scripts/KeyDoor.cs
  artifactKey: Guid(b5fbfd0d5bf965241b0fe9b14ceef250) Importer(815301076,1909f56bfc062723c751e8b465ee728b)
Start importing Assets/Scripts/KeyDoor.cs using Guid(b5fbfd0d5bf965241b0fe9b14ceef250) Importer(815301076,1909f56bfc062723c751e8b465ee728b)  -> (artifact id: 'f701ae746d50d3d9896d269e2687c747') in 0.037617 seconds
  Import took 0.045469 seconds .

========================================================================
Received Prepare
Registering precompiled user dll's ...
Registered in 0.000842 seconds.
Begin MonoManager ReloadAssembly
Native extension for WindowsStandalone target not found
Refreshing native plugins compatible for Editor in 0.32 ms, found 1 plugins.
Preloading 0 native plugins for Editor in 0.00 ms.
Mono: successfully reloaded assembly
- Completed reload, in  0.864 seconds
Platform modules already initialized, skipping
Refreshing native plugins compatible for Editor in 0.36 ms, found 1 plugins.
Preloading 0 native plugins for Editor in 0.00 ms.
Unloading 1811 Unused Serialized files (Serialized files now loaded: 0)
System memory in use before: 85.0 MB.
System memory in use after: 85.0 MB.

Unloading 12 unused Assets to reduce memory usage. Loaded Objects now: 2264.
Total: 2.968700 ms (FindLiveObjects: 0.277800 ms CreateObjectMapping: 0.425800 ms MarkObjects: 2.161000 ms  DeleteObjects: 0.103000 ms)

========================================================================
Received Prepare
Registering precompiled user dll's ...
Registered in 0.001006 seconds.
Begin MonoManager ReloadAssembly
Native extension for WindowsStandalone target not found
Refreshing native plugins compatible for Editor in 0.59 ms, found 1 plugins.
Preloading 0 native plugins for Editor in 0.00 ms.
Mono: successfully reloaded assembly
- Completed reload, in  0.887 seconds
Platform modules already initialized, skipping
Refreshing native plugins compatible for Editor in 0.33 ms, found 1 plugins.
Preloading 0 native plugins for Editor in 0.00 ms.
Unloading 1812 Unused Serialized files (Serialized files now loaded: 0)
System memory in use before: 85.1 MB.
System memory in use after: 85.1 MB.

Unloading 12 unused Assets to reduce memory usage. Loaded Objects now: 2269.
Total: 2.321300 ms (FindLiveObjects: 0.261300 ms CreateObjectMapping: 0.109000 ms MarkObjects: 1.833700 ms  DeleteObjects: 0.116200 ms)

========================================================================
Received Import Request.
  Time since last request: 2621.042429 seconds.
  path: Assets/Menu Properties
  artifactKey: Guid(a01a45d29e706d74d97ef0292224206f) Importer(815301076,1909f56bfc062723c751e8b465ee728b)
Start importing Assets/Menu Properties using Guid(a01a45d29e706d74d97ef0292224206f) Importer(815301076,1909f56bfc062723c751e8b465ee728b)  -> (artifact id: '224f8d6979486240fb6d64117f0d13ec') in 0.009824 seconds
  Import took 0.013269 seconds .

========================================================================
Received Import Request.
  Time since last request: 429.829277 seconds.
  path: Assets/Decorations/Table1-1.png.png
  artifactKey: Guid(3d1b53b32606d054fb5a98583f163eac) Importer(815301076,1909f56bfc062723c751e8b465ee728b)
Start importing Assets/Decorations/Table1-1.png.png using Guid(3d1b53b32606d054fb5a98583f163eac) Importer(815301076,1909f56bfc062723c751e8b465ee728b)  -> (artifact id: 'cb717432f5185c6b7d50de4edf6ced7d') in 0.136552 seconds
  Import took 0.140378 seconds .

========================================================================
Received Import Request.
  Time since last request: 0.003293 seconds.
  path: Assets/Decorations/Table1-1.png.png
  artifactKey: Guid(3d1b53b32606d054fb5a98583f163eac) Importer(815301076,1909f56bfc062723c751e8b465ee728b)
Start importing Assets/Decorations/Table1-1.png.png using Guid(3d1b53b32606d054fb5a98583f163eac) Importer(815301076,1909f56bfc062723c751e8b465ee728b)  -> (artifact id: 'cb717432f5185c6b7d50de4edf6ced7d') in 0.009721 seconds
  Import took 0.013310 seconds .

========================================================================
Received Import Request.
  Time since last request: 2.039066 seconds.
  path: Assets/Key Objects/Storage_Unit(Hiding)-1.png (2).png
  artifactKey: Guid(026d6e87322e23447bc3ea186fab22b2) Importer(815301076,1909f56bfc062723c751e8b465ee728b)
Start importing Assets/Key Objects/Storage_Unit(Hiding)-1.png (2).png using Guid(026d6e87322e23447bc3ea186fab22b2) Importer(815301076,1909f56bfc062723c751e8b465ee728b)  -> (artifact id: 'f21376ff1c9cc7d622681019b52ea9c5') in 0.012065 seconds
  Import took 0.015054 seconds .

========================================================================
Received Import Request.
  Time since last request: 0.000464 seconds.
  path: Assets/Key Objects/Storage_Unit(Hiding)-2.png.png
  artifactKey: Guid(b881f42bab9d9604bac90a445aa82f03) Importer(815301076,1909f56bfc062723c751e8b465ee728b)
Start importing Assets/Key Objects/Storage_Unit(Hiding)-2.png.png using Guid(b881f42bab9d9604bac90a445aa82f03) Importer(815301076,1909f56bfc062723c751e8b465ee728b)  -> (artifact id: '4050be6ba26afa5f274a6f89a1776806') in 0.023381 seconds
  Import took 0.026316 seconds .

========================================================================
Received Import Request.
  Time since last request: 0.284042 seconds.
  path: Assets/Key Objects/Storage-Unit2(Hiding)-1.png (2).png
  artifactKey: Guid(5c69f26d66d83b44cac1f8fac3836e36) Importer(815301076,1909f56bfc062723c751e8b465ee728b)
Start importing Assets/Key Objects/Storage-Unit2(Hiding)-1.png (2).png using Guid(5c69f26d66d83b44cac1f8fac3836e36) Importer(815301076,1909f56bfc062723c751e8b465ee728b)  -> (artifact id: '8e409f757fd3de3c08fdfab0f7d1c785') in 0.013387 seconds
  Import took 0.016457 seconds .

========================================================================
Received Import Request.
  Time since last request: 0.000468 seconds.
  path: Assets/Key Objects/Storage-Unit2(Hiding)-2.png.png
  artifactKey: Guid(b00d67f766df0c0458c0a66cac69f2ef) Importer(815301076,1909f56bfc062723c751e8b465ee728b)
Start importing Assets/Key Objects/Storage-Unit2(Hiding)-2.png.png using Guid(b00d67f766df0c0458c0a66cac69f2ef) Importer(815301076,1909f56bfc062723c751e8b465ee728b)  -> (artifact id: '073eac5825ee7895418ade1d2260cb34') in 0.012145 seconds
  Import took 0.015078 seconds .

========================================================================
Received Import Request.
  Time since last request: 0.028288 seconds.
  path: Assets/AI Sprites/Security_Guard_Idle(left)-1.png.png
  artifactKey: Guid(da868b99549bbb040b8416c805309a1e) Importer(815301076,1909f56bfc062723c751e8b465ee728b)
Start importing Assets/AI Sprites/Security_Guard_Idle(left)-1.png.png using Guid(da868b99549bbb040b8416c805309a1e) Importer(815301076,1909f56bfc062723c751e8b465ee728b)  -> (artifact id: '81b809dd79de599caa254d49a530ece8') in 0.009583 seconds
  Import took 0.012683 seconds .

========================================================================
Received Import Request.
  Time since last request: 0.000407 seconds.
  path: Assets/AI Sprites/Security_Guard_Idle(Right)-1.png.png
  artifactKey: Guid(f1a4036a7f429fd4882e19834cdbba31) Importer(815301076,1909f56bfc062723c751e8b465ee728b)
Start importing Assets/AI Sprites/Security_Guard_Idle(Right)-1.png.png using Guid(f1a4036a7f429fd4882e19834cdbba31) Importer(815301076,1909f56bfc062723c751e8b465ee728b)  -> (artifact id: '02d11084f2910a2ce034854cdc669d4f') in 0.010588 seconds
  Import took 0.013652 seconds .

========================================================================
Received Import Request.
  Time since last request: 0.263043 seconds.
  path: Assets/AI Sprites/Security-Guard-1-1.png.png
  artifactKey: Guid(16f811e623b6e92419b215bdd895d218) Importer(815301076,1909f56bfc062723c751e8b465ee728b)
Start importing Assets/AI Sprites/Security-Guard-1-1.png.png using Guid(16f811e623b6e92419b215bdd895d218) Importer(815301076,1909f56bfc062723c751e8b465ee728b)  -> (artifact id: 'b8652672b00d9d7fa5d3e6411f1bc73c') in 0.010278 seconds
  Import took 0.013885 seconds .

========================================================================
Received Import Request.
  Time since last request: 0.000487 seconds.
  path: Assets/AI Sprites/Security_Guard_Idle(Back) -1.png.png
  artifactKey: Guid(1a4af8c73ea269f418bd08230c9d50e0) Importer(815301076,1909f56bfc062723c751e8b465ee728b)
Start importing Assets/AI Sprites/Security_Guard_Idle(Back) -1.png.png using Guid(1a4af8c73ea269f418bd08230c9d50e0) Importer(815301076,1909f56bfc062723c751e8b465ee728b)  -> (artifact id: 'f65ab6ba62450ec632e993307a8798da') in 0.017296 seconds
  Import took 0.020680 seconds .

========================================================================
Received Import Request.
  Time since last request: 0.228981 seconds.
  path: Assets/Player Textures/PlayerCharacter_Idle_(Back)-1.png (1).png
  artifactKey: Guid(443a7573609bb204293bc5bff9c86328) Importer(815301076,1909f56bfc062723c751e8b465ee728b)
Start importing Assets/Player Textures/PlayerCharacter_Idle_(Back)-1.png (1).png using Guid(443a7573609bb204293bc5bff9c86328) Importer(815301076,1909f56bfc062723c751e8b465ee728b)  -> (artifact id: '26bcef0d196406cdafae37f1f893c6b5') in 0.009524 seconds
  Import took 0.012549 seconds .

========================================================================
Received Import Request.
  Time since last request: 0.000418 seconds.
  path: Assets/Decorations/Poster1-1.png.png
  artifactKey: Guid(cad17473f838f6847bba5f55a266b681) Importer(815301076,1909f56bfc062723c751e8b465ee728b)
Start importing Assets/Decorations/Poster1-1.png.png using Guid(cad17473f838f6847bba5f55a266b681) Importer(815301076,1909f56bfc062723c751e8b465ee728b)  -> (artifact id: '14221ce4a201e5056dfd30825388b7e9') in 0.011260 seconds
  Import took 0.014061 seconds .

========================================================================
Received Import Request.
  Time since last request: 0.269027 seconds.
  path: Assets/Player Textures/PlayerCharacter_Idle(left)-1.png (1).png
  artifactKey: Guid(671a36419c52dd646b532aaf3519a14f) Importer(815301076,1909f56bfc062723c751e8b465ee728b)
Start importing Assets/Player Textures/PlayerCharacter_Idle(left)-1.png (1).png using Guid(671a36419c52dd646b532aaf3519a14f) Importer(815301076,1909f56bfc062723c751e8b465ee728b)  -> (artifact id: 'f454909bc8dbb4246b9ffb4f12b89fa2') in 0.010854 seconds
  Import took 0.014966 seconds .

========================================================================
Received Import Request.
  Time since last request: 0.000432 seconds.
  path: Assets/Player Textures/PlayerCharacter_Idle(right)-1.png (1).png
  artifactKey: Guid(15ca550113a30a94e85d07369bc51eac) Importer(815301076,1909f56bfc062723c751e8b465ee728b)
Start importing Assets/Player Textures/PlayerCharacter_Idle(right)-1.png (1).png using Guid(15ca550113a30a94e85d07369bc51eac) Importer(815301076,1909f56bfc062723c751e8b465ee728b)  -> (artifact id: 'e9006158d4e08156a599e6f16a1b0249') in 0.009860 seconds
  Import took 0.012710 seconds .

========================================================================
Received Import Request.
  Time since last request: 0.000441 seconds.
  path: Assets/Player Textures/PlayerCharacter_Idle(front) clone-1.png (1).png
  artifactKey: Guid(6ee7e571951eea94eab0ec505e9fc3dc) Importer(815301076,1909f56bfc062723c751e8b465ee728b)
Start importing Assets/Player Textures/PlayerCharacter_Idle(front) clone-1.png (1).png using Guid(6ee7e571951eea94eab0ec505e9fc3dc) Importer(815301076,1909f56bfc062723c751e8b465ee728b)  -> (artifact id: '35aef00f77fd8b56a4fdcd14d64a2654') in 0.009990 seconds
  Import took 0.013145 seconds .

========================================================================
Received Import Request.
  Time since last request: 0.300447 seconds.
  path: Assets/Decorations/plant2-1.png.png
  artifactKey: Guid(518ed19ecd7c56048a46eec6ec9be2e6) Importer(815301076,1909f56bfc062723c751e8b465ee728b)
Start importing Assets/Decorations/plant2-1.png.png using Guid(518ed19ecd7c56048a46eec6ec9be2e6) Importer(815301076,1909f56bfc062723c751e8b465ee728b)  -> (artifact id: 'eac6b03ee0967ccf01901f4cdc0541ef') in 0.015925 seconds
  Import took 0.020759 seconds .

========================================================================
Received Import Request.
  Time since last request: 0.000062 seconds.
  path: Assets/Decorations/plant3-1.png.png
  artifactKey: Guid(7edfaed22b61ff349a8f7fd13b0fb5ce) Importer(815301076,1909f56bfc062723c751e8b465ee728b)
Start importing Assets/Decorations/plant3-1.png.png using Guid(7edfaed22b61ff349a8f7fd13b0fb5ce) Importer(815301076,1909f56bfc062723c751e8b465ee728b)  -> (artifact id: 'c451628d07a7e3cec47f260d84445d59') in 0.050747 seconds
  Import took 0.053664 seconds .

========================================================================
Received Import Request.
  Time since last request: 0.000376 seconds.
  path: Assets/Decorations/plant 1-1.png.png
  artifactKey: Guid(a5b90f105dfaf5f428b316040bc7b93d) Importer(815301076,1909f56bfc062723c751e8b465ee728b)
Start importing Assets/Decorations/plant 1-1.png.png using Guid(a5b90f105dfaf5f428b316040bc7b93d) Importer(815301076,1909f56bfc062723c751e8b465ee728b)  -> (artifact id: 'd1ff0686cb646868ae5b3bd5fc1a66a0') in 0.038850 seconds
  Import took 0.041957 seconds .

========================================================================
Received Import Request.
  Time since last request: 0.235605 seconds.
  path: Assets/Concrete Floors + Walls/Concrete Floors + Walls/New Piskel-1.png (1).png
  artifactKey: Guid(50f3e9a61dc914e4fbc7859b8009ed19) Importer(815301076,1909f56bfc062723c751e8b465ee728b)
Start importing Assets/Concrete Floors + Walls/Concrete Floors + Walls/New Piskel-1.png (1).png using Guid(50f3e9a61dc914e4fbc7859b8009ed19) Importer(815301076,1909f56bfc062723c751e8b465ee728b)  -> (artifact id: '96631fb735c183e2b21d0e6dc1296565') in 0.008347 seconds
  Import took 0.011274 seconds .

========================================================================
Received Import Request.
  Time since last request: 0.038061 seconds.
  path: Assets/Key Objects/LockedDoor(Yellow)-1.png.png
  artifactKey: Guid(66e56035545897346bbf2d852ae1ea76) Importer(815301076,1909f56bfc062723c751e8b465ee728b)
Start importing Assets/Key Objects/LockedDoor(Yellow)-1.png.png using Guid(66e56035545897346bbf2d852ae1ea76) Importer(815301076,1909f56bfc062723c751e8b465ee728b)  -> (artifact id: 'c0927c416cc9d82113a20c460f39682f') in 0.010071 seconds
  Import took 0.013093 seconds .

========================================================================
Received Prepare
Registering precompiled user dll's ...
Registered in 0.001007 seconds.
Begin MonoManager ReloadAssembly
Native extension for WindowsStandalone target not found
Refreshing native plugins compatible for Editor in 0.47 ms, found 1 plugins.
Preloading 0 native plugins for Editor in 0.00 ms.
Mono: successfully reloaded assembly
- Completed reload, in  0.860 seconds
Platform modules already initialized, skipping
Refreshing native plugins compatible for Editor in 0.32 ms, found 1 plugins.
Preloading 0 native plugins for Editor in 0.00 ms.
Unloading 1812 Unused Serialized files (Serialized files now loaded: 0)
System memory in use before: 88.2 MB.
System memory in use after: 88.2 MB.

Unloading 12 unused Assets to reduce memory usage. Loaded Objects now: 2287.
Total: 1.959900 ms (FindLiveObjects: 0.164300 ms CreateObjectMapping: 0.061300 ms MarkObjects: 1.633900 ms  DeleteObjects: 0.099200 ms)

========================================================================
Received Import Request.
  Time since last request: 225.143311 seconds.
  path: Assets/Menu Properties/MissionComplete-1.png.png
  artifactKey: Guid(20cd351ef02411841832b7f275e8c67d) Importer(815301076,1909f56bfc062723c751e8b465ee728b)
Start importing Assets/Menu Properties/MissionComplete-1.png.png using Guid(20cd351ef02411841832b7f275e8c67d) Importer(815301076,1909f56bfc062723c751e8b465ee728b)  -> (artifact id: 'e6a61a4aa7ae5f5ffafbf9621207db07') in 0.050834 seconds
  Import took 0.054287 seconds .

========================================================================
Received Import Request.
  Time since last request: 81.316047 seconds.
  path: Assets/Scenes
  artifactKey: Guid(fefeb1acb09222c4abf99268ff08a016) Importer(815301076,1909f56bfc062723c751e8b465ee728b)
Start importing Assets/Scenes using Guid(fefeb1acb09222c4abf99268ff08a016) Importer(815301076,1909f56bfc062723c751e8b465ee728b)  -> (artifact id: '128f6808d2c8b2abfd33df26cf2f2671') in 0.009109 seconds
  Import took 0.012193 seconds .

========================================================================
Received Import Request.
  Time since last request: 0.719661 seconds.
  path: Assets/Scenes/main menu.unity
  artifactKey: Guid(620fe36beb018b54cb364791a3a498f5) Importer(815301076,1909f56bfc062723c751e8b465ee728b)
Start importing Assets/Scenes/main menu.unity using Guid(620fe36beb018b54cb364791a3a498f5) Importer(815301076,1909f56bfc062723c751e8b465ee728b)  -> (artifact id: '838afe99ec13292552bdfaf4a2b14b24') in 0.004272 seconds
  Import took 0.007971 seconds .

========================================================================
Received Import Request.
  Time since last request: 0.000893 seconds.
  path: Assets/Scenes/main menu.unity
  artifactKey: Guid(620fe36beb018b54cb364791a3a498f5) Importer(815301076,1909f56bfc062723c751e8b465ee728b)
Start importing Assets/Scenes/main menu.unity using Guid(620fe36beb018b54cb364791a3a498f5) Importer(815301076,1909f56bfc062723c751e8b465ee728b)  -> (artifact id: '838afe99ec13292552bdfaf4a2b14b24') in 0.002874 seconds
  Import took 0.005979 seconds .

========================================================================
Received Import Request.
  Time since last request: 133.194929 seconds.
  path: Assets/Scenes/Level.unity
  artifactKey: Guid(2cda990e2423bbf4892e6590ba056729) Importer(815301076,1909f56bfc062723c751e8b465ee728b)
Start importing Assets/Scenes/Level.unity using Guid(2cda990e2423bbf4892e6590ba056729) Importer(815301076,1909f56bfc062723c751e8b465ee728b)  -> (artifact id: '11b4b603ff6caba99db2d480aa597ead') in 0.005814 seconds
  Import took 0.008964 seconds .

========================================================================
Received Import Request.
  Time since last request: 15.332444 seconds.
  path: Assets/AI Sprites/AIConeofVisionSecGuard.png
  artifactKey: Guid(7711241a3311fd1488e50ec50f032919) Importer(815301076,1909f56bfc062723c751e8b465ee728b)
Start importing Assets/AI Sprites/AIConeofVisionSecGuard.png using Guid(7711241a3311fd1488e50ec50f032919) Importer(815301076,1909f56bfc062723c751e8b465ee728b)  -> (artifact id: '071d4aba98b90cd30cdd7f25b332145a') in 0.021576 seconds
  Import took 0.024657 seconds .

========================================================================
Received Import Request.
  Time since last request: 3.715493 seconds.
  path: Assets/Decorations
  artifactKey: Guid(971826e6941f83846acf9d2141f53bdf) Importer(815301076,1909f56bfc062723c751e8b465ee728b)
Start importing Assets/Decorations using Guid(971826e6941f83846acf9d2141f53bdf) Importer(815301076,1909f56bfc062723c751e8b465ee728b)  -> (artifact id: 'a0f2b9b9b093d87f0da354b6516e54c6') in 0.008789 seconds
  Import took 0.011715 seconds .

========================================================================
Received Import Request.
  Time since last request: 1.187626 seconds.
  path: Assets/Concrete Floors + Walls
  artifactKey: Guid(1eaf01361db3e0241b6d1c978cbdae1f) Importer(815301076,1909f56bfc062723c751e8b465ee728b)
Start importing Assets/Concrete Floors + Walls using Guid(1eaf01361db3e0241b6d1c978cbdae1f) Importer(815301076,1909f56bfc062723c751e8b465ee728b)  -> (artifact id: '9548349a0eb85937a7c95471c4222a52') in 0.008287 seconds
  Import took 0.011275 seconds .

========================================================================
Received Import Request.
  Time since last request: 1.496050 seconds.
  path: Assets/Materials
  artifactKey: Guid(30b715ff3a5f6754bb7b797a525a2d8f) Importer(815301076,1909f56bfc062723c751e8b465ee728b)
Start importing Assets/Materials using Guid(30b715ff3a5f6754bb7b797a525a2d8f) Importer(815301076,1909f56bfc062723c751e8b465ee728b)  -> (artifact id: '94cecbd4aa6b981a32630737add87e7d') in 0.005303 seconds
  Import took 0.008207 seconds .

========================================================================
Received Import Request.
  Time since last request: 1.509640 seconds.
  path: Assets/Player Textures
  artifactKey: Guid(8059a3770fa9921488da1bf1fc1ff9da) Importer(815301076,1909f56bfc062723c751e8b465ee728b)
Start importing Assets/Player Textures using Guid(8059a3770fa9921488da1bf1fc1ff9da) Importer(815301076,1909f56bfc062723c751e8b465ee728b)  -> (artifact id: '1b7c612733d7a18e32fd4eb909c0ccc7') in 0.008571 seconds
  Import took 0.011420 seconds .

========================================================================
Received Import Request.
  Time since last request: 90.854885 seconds.
  path: Assets/Decorations/Box1-1.png.png
  artifactKey: Guid(d6a4b9503c54b5647aeb88e677e66db6) Importer(815301076,1909f56bfc062723c751e8b465ee728b)
Start importing Assets/Decorations/Box1-1.png.png using Guid(d6a4b9503c54b5647aeb88e677e66db6) Importer(815301076,1909f56bfc062723c751e8b465ee728b)  -> (artifact id: 'e1e5326d3d1f1b5d1331715971c70783') in 0.009824 seconds
  Import took 0.013156 seconds .

========================================================================
Received Import Request.
  Time since last request: 0.000396 seconds.
  path: Assets/Concrete Floors + Walls/Concrete Floors + Walls/Concrete_Doorway-1.png (2).png
  artifactKey: Guid(5c7841df34b89174db9c555ced8a9654) Importer(815301076,1909f56bfc062723c751e8b465ee728b)
Start importing Assets/Concrete Floors + Walls/Concrete Floors + Walls/Concrete_Doorway-1.png (2).png using Guid(5c7841df34b89174db9c555ced8a9654) Importer(815301076,1909f56bfc062723c751e8b465ee728b)  -> (artifact id: '39786be07b20f176a9339e44400f48aa') in 0.011008 seconds
  Import took 0.013841 seconds .

========================================================================
Received Import Request.
  Time since last request: 0.000390 seconds.
  path: Assets/Concrete Floors + Walls/Concrete Floors + Walls/Concrete_Floor -1.png.png
  artifactKey: Guid(b6207c81c69dfa7438e655ba582a3719) Importer(815301076,1909f56bfc062723c751e8b465ee728b)
Start importing Assets/Concrete Floors + Walls/Concrete Floors + Walls/Concrete_Floor -1.png.png using Guid(b6207c81c69dfa7438e655ba582a3719) Importer(815301076,1909f56bfc062723c751e8b465ee728b)  -> (artifact id: '229905034e5278cb7eb6a2a821f79a37') in 0.011175 seconds
  Import took 0.014339 seconds .

========================================================================
Received Import Request.
  Time since last request: 0.000523 seconds.
  path: Assets/Concrete Floors + Walls/Concrete Floors + Walls/Concrete_Floor(Bottom)-1.png (1).png
  artifactKey: Guid(fc692dadd11d092469053ee4f4ab5cdc) Importer(815301076,1909f56bfc062723c751e8b465ee728b)
Start importing Assets/Concrete Floors + Walls/Concrete Floors + Walls/Concrete_Floor(Bottom)-1.png (1).png using Guid(fc692dadd11d092469053ee4f4ab5cdc) Importer(815301076,1909f56bfc062723c751e8b465ee728b)  -> (artifact id: 'cc4abb186fab9025399450ccc5fcde0f') in 0.011810 seconds
  Import took 0.015227 seconds .

========================================================================
Received Import Request.
  Time since last request: 0.000454 seconds.
  path: Assets/Concrete Floors + Walls/Concrete Floors + Walls/Concrete_Floor -1.png (1).png
  artifactKey: Guid(aa7b395bed1f5b84aa69d8afc03232a4) Importer(815301076,1909f56bfc062723c751e8b465ee728b)
Start importing Assets/Concrete Floors + Walls/Concrete Floors + Walls/Concrete_Floor -1.png (1).png using Guid(aa7b395bed1f5b84aa69d8afc03232a4) Importer(815301076,1909f56bfc062723c751e8b465ee728b)  -> (artifact id: '17e2bfb7788823df699dfd56c52c4a83') in 0.009894 seconds
  Import took 0.012993 seconds .

========================================================================
Received Import Request.
  Time since last request: 0.000293 seconds.
  path: Assets/Decorations/Box1-1.png.png
  artifactKey: Guid(d6a4b9503c54b5647aeb88e677e66db6) Importer(815301076,1909f56bfc062723c751e8b465ee728b)
Start importing Assets/Decorations/Box1-1.png.png using Guid(d6a4b9503c54b5647aeb88e677e66db6) Importer(815301076,1909f56bfc062723c751e8b465ee728b)  -> (artifact id: 'e1e5326d3d1f1b5d1331715971c70783') in 0.009183 seconds
  Import took 0.013043 seconds .

========================================================================
Received Import Request.
  Time since last request: 0.000434 seconds.
  path: Assets/Decorations/Chair1-1.png.png
  artifactKey: Guid(47ce6720324fd724ebc5d6d195bce3d7) Importer(815301076,1909f56bfc062723c751e8b465ee728b)
Start importing Assets/Decorations/Chair1-1.png.png using Guid(47ce6720324fd724ebc5d6d195bce3d7) Importer(815301076,1909f56bfc062723c751e8b465ee728b)  -> (artifact id: '04ad2092d012fd9f47d5237b8a2e2ccd') in 0.032139 seconds
  Import took 0.035653 seconds .

========================================================================
Received Import Request.
  Time since last request: 0.001251 seconds.
  path: Assets/Decorations/Chair1-1.png.png
  artifactKey: Guid(47ce6720324fd724ebc5d6d195bce3d7) Importer(815301076,1909f56bfc062723c751e8b465ee728b)
Start importing Assets/Decorations/Chair1-1.png.png using Guid(47ce6720324fd724ebc5d6d195bce3d7) Importer(815301076,1909f56bfc062723c751e8b465ee728b)  -> (artifact id: '04ad2092d012fd9f47d5237b8a2e2ccd') in 0.008642 seconds
  Import took 0.011874 seconds .

========================================================================
Received Import Request.
  Time since last request: 0.844615 seconds.
  path: Assets/Concrete Floors + Walls/Concrete Floors + Walls/Concrete_Floor(Top)-1.png (1).png
  artifactKey: Guid(37f39fe3d5514ab42beefc88ec77d7d9) Importer(815301076,1909f56bfc062723c751e8b465ee728b)
Start importing Assets/Concrete Floors + Walls/Concrete Floors + Walls/Concrete_Floor(Top)-1.png (1).png using Guid(37f39fe3d5514ab42beefc88ec77d7d9) Importer(815301076,1909f56bfc062723c751e8b465ee728b)  -> (artifact id: '60b2f62238d3b6548fa332f5a3a03796') in 0.013597 seconds
  Import took 0.016698 seconds .

========================================================================
Received Import Request.
  Time since last request: 0.000407 seconds.
  path: Assets/Concrete Floors + Walls/Concrete Floors + Walls/Concrete_Floor_Corner(B-Left)-1.png (1).png
  artifactKey: Guid(6ea7b6719fdfff44faf9d622632bfa1f) Importer(815301076,1909f56bfc062723c751e8b465ee728b)
Start importing Assets/Concrete Floors + Walls/Concrete Floors + Walls/Concrete_Floor_Corner(B-Left)-1.png (1).png using Guid(6ea7b6719fdfff44faf9d622632bfa1f) Importer(815301076,1909f56bfc062723c751e8b465ee728b)  -> (artifact id: '22d2b7fa3670559b1c37acb5520f5ce4') in 0.024661 seconds
  Import took 0.027495 seconds .

========================================================================
Received Import Request.
  Time since last request: 1.177155 seconds.
  path: Assets/Concrete Floors + Walls/Concrete Floors + Walls/Concrete_Floor_Corner(B-Right)-1.png.png
  artifactKey: Guid(b654a2894bed12c42a01a587b7262987) Importer(815301076,1909f56bfc062723c751e8b465ee728b)
Start importing Assets/Concrete Floors + Walls/Concrete Floors + Walls/Concrete_Floor_Corner(B-Right)-1.png.png using Guid(b654a2894bed12c42a01a587b7262987) Importer(815301076,1909f56bfc062723c751e8b465ee728b)  -> (artifact id: 'ac6b2b2d05b2e3436f1bf0fdb6eb8a21') in 0.009633 seconds
  Import took 0.012906 seconds .

========================================================================
Received Import Request.
  Time since last request: 0.000377 seconds.
  path: Assets/Concrete Floors + Walls/Concrete Floors + Walls/Concrete_Floor_Corner(T-Left)-1.png (1).png
  artifactKey: Guid(44126436e157a6e46a9cc5d776b089b2) Importer(815301076,1909f56bfc062723c751e8b465ee728b)
Start importing Assets/Concrete Floors + Walls/Concrete Floors + Walls/Concrete_Floor_Corner(T-Left)-1.png (1).png using Guid(44126436e157a6e46a9cc5d776b089b2) Importer(815301076,1909f56bfc062723c751e8b465ee728b)  -> (artifact id: '48f281a800223ac89462c8a47a6c9bcc') in 0.013472 seconds
  Import took 0.017252 seconds .

========================================================================
Received Import Request.
  Time since last request: 0.143809 seconds.
  path: Assets/Concrete Floors + Walls/Concrete Floors + Walls/Concrete_Floor_Corner(T-Right)-1.png (1).png
  artifactKey: Guid(a966290acbea3824885c7f60e30a9d32) Importer(815301076,1909f56bfc062723c751e8b465ee728b)
Start importing Assets/Concrete Floors + Walls/Concrete Floors + Walls/Concrete_Floor_Corner(T-Right)-1.png (1).png using Guid(a966290acbea3824885c7f60e30a9d32) Importer(815301076,1909f56bfc062723c751e8b465ee728b)  -> (artifact id: '7e589237bad0fd29a51c8e9a61056ac9') in 0.010057 seconds
  Import took 0.012886 seconds .

========================================================================
Received Import Request.
  Time since last request: 0.000474 seconds.
  path: Assets/Concrete Floors + Walls/Concrete Floors + Walls/Concrete_Floor_Left-1.png (1).png
  artifactKey: Guid(cdbec41ccba6e5846a45e2c0caf60def) Importer(815301076,1909f56bfc062723c751e8b465ee728b)
Start importing Assets/Concrete Floors + Walls/Concrete Floors + Walls/Concrete_Floor_Left-1.png (1).png using Guid(cdbec41ccba6e5846a45e2c0caf60def) Importer(815301076,1909f56bfc062723c751e8b465ee728b)  -> (artifact id: '0511efd0af22f88f956ed3e148fdf225') in 0.011846 seconds
  Import took 0.014470 seconds .

========================================================================
Received Import Request.
  Time since last request: 0.051749 seconds.
  path: Assets/Concrete Floors + Walls/Concrete Floors + Walls/Concrete_Floor_Right-1.png (1).png
  artifactKey: Guid(7536fe3c03af09f46894022535e4b0b0) Importer(815301076,1909f56bfc062723c751e8b465ee728b)
Start importing Assets/Concrete Floors + Walls/Concrete Floors + Walls/Concrete_Floor_Right-1.png (1).png using Guid(7536fe3c03af09f46894022535e4b0b0) Importer(815301076,1909f56bfc062723c751e8b465ee728b)  -> (artifact id: '512e49078a51f67890aa47c0a19c128b') in 0.008045 seconds
  Import took 0.011256 seconds .

========================================================================
Received Import Request.
  Time since last request: 0.000316 seconds.
  path: Assets/Concrete Floors + Walls/Concrete Floors + Walls/Concrete_wall-1.png
  artifactKey: Guid(4a64350abf281e34f913daa63763c86c) Importer(815301076,1909f56bfc062723c751e8b465ee728b)
Start importing Assets/Concrete Floors + Walls/Concrete Floors + Walls/Concrete_wall-1.png using Guid(4a64350abf281e34f913daa63763c86c) Importer(815301076,1909f56bfc062723c751e8b465ee728b)  -> (artifact id: 'd1007ead33e76f367303af27e7b17b7e') in 0.008720 seconds
  Import took 0.011547 seconds .

========================================================================
Received Import Request.
  Time since last request: 0.270784 seconds.
  path: Assets/Concrete Floors + Walls/Concrete Floors + Walls/Concrete_wall_V2-1.png (1).png
  artifactKey: Guid(330d6d8ce5df1ec4d8d1682361f29ef0) Importer(815301076,1909f56bfc062723c751e8b465ee728b)
Start importing Assets/Concrete Floors + Walls/Concrete Floors + Walls/Concrete_wall_V2-1.png (1).png using Guid(330d6d8ce5df1ec4d8d1682361f29ef0) Importer(815301076,1909f56bfc062723c751e8b465ee728b)  -> (artifact id: '56370343e71ebd46eae41bf222eeba64') in 0.008984 seconds
  Import took 0.012160 seconds .

========================================================================
Received Import Request.
  Time since last request: 0.000370 seconds.
  path: Assets/Concrete Floors + Walls/Concrete Floors + Walls/Concrete_wall_v3-1.png (2).png
  artifactKey: Guid(d8dad08e849e28645b1ed13883323b28) Importer(815301076,1909f56bfc062723c751e8b465ee728b)
Start importing Assets/Concrete Floors + Walls/Concrete Floors + Walls/Concrete_wall_v3-1.png (2).png using Guid(d8dad08e849e28645b1ed13883323b28) Importer(815301076,1909f56bfc062723c751e8b465ee728b)  -> (artifact id: '7b5073bb49313e0bf5bc4da68e898fd6') in 0.008303 seconds
  Import took 0.011089 seconds .

========================================================================
Received Import Request.
  Time since last request: 0.061706 seconds.
  path: Assets/Concrete Floors + Walls/Concrete Floors + Walls/Concrete_wall_V4-1.png (1).png
  artifactKey: Guid(b86b21ebf75ff5d4fb6e94ec830516ec) Importer(815301076,1909f56bfc062723c751e8b465ee728b)
Start importing Assets/Concrete Floors + Walls/Concrete Floors + Walls/Concrete_wall_V4-1.png (1).png using Guid(b86b21ebf75ff5d4fb6e94ec830516ec) Importer(815301076,1909f56bfc062723c751e8b465ee728b)  -> (artifact id: '142cb45ed28822ba0bee5e87e59f0f76') in 0.008143 seconds
  Import took 0.011089 seconds .

========================================================================
Received Import Request.
  Time since last request: 0.000423 seconds.
  path: Assets/Concrete Floors + Walls/Concrete Floors + Walls/Concrete_wall_V4-1.png (1) 1.png
  artifactKey: Guid(33624863aaa7fea4f9e57f8a65d21b14) Importer(815301076,1909f56bfc062723c751e8b465ee728b)
Start importing Assets/Concrete Floors + Walls/Concrete Floors + Walls/Concrete_wall_V4-1.png (1) 1.png using Guid(33624863aaa7fea4f9e57f8a65d21b14) Importer(815301076,1909f56bfc062723c751e8b465ee728b)  -> (artifact id: '54c6bc64ef6e98a8ca5d7a46b76ff03e') in 0.007525 seconds
  Import took 0.010313 seconds .

========================================================================
Received Import Request.
  Time since last request: 0.244043 seconds.
  path: Assets/Concrete Floors + Walls/Concrete Floors + Walls/Concrete_wall_V6-1.png.png
  artifactKey: Guid(b07b1865cf389bd4388886b596bbceca) Importer(815301076,1909f56bfc062723c751e8b465ee728b)
Start importing Assets/Concrete Floors + Walls/Concrete Floors + Walls/Concrete_wall_V6-1.png.png using Guid(b07b1865cf389bd4388886b596bbceca) Importer(815301076,1909f56bfc062723c751e8b465ee728b)  -> (artifact id: 'dc50b1369717aa0fbe98e457685b018e') in 0.012358 seconds
  Import took 0.015194 seconds .

========================================================================
Received Import Request.
  Time since last request: 0.000379 seconds.
  path: Assets/Concrete Floors + Walls/Concrete Floors + Walls/Concrete_wall_V7-1.png (1).png
  artifactKey: Guid(151285448893732458c8d734977e442b) Importer(815301076,1909f56bfc062723c751e8b465ee728b)
Start importing Assets/Concrete Floors + Walls/Concrete Floors + Walls/Concrete_wall_V7-1.png (1).png using Guid(151285448893732458c8d734977e442b) Importer(815301076,1909f56bfc062723c751e8b465ee728b)  -> (artifact id: '80c3940b266ecb3b14a87e624195ce25') in 0.062724 seconds
  Import took 0.065368 seconds .

========================================================================
Received Import Request.
  Time since last request: 0.000979 seconds.
  path: Assets/Concrete Floors + Walls/Concrete Floors + Walls/Concrete_wall_V8-1.png (1).png
  artifactKey: Guid(f2099abba7f8dfa4d85b5d66131d5c62) Importer(815301076,1909f56bfc062723c751e8b465ee728b)
Start importing Assets/Concrete Floors + Walls/Concrete Floors + Walls/Concrete_wall_V8-1.png (1).png using Guid(f2099abba7f8dfa4d85b5d66131d5c62) Importer(815301076,1909f56bfc062723c751e8b465ee728b)  -> (artifact id: '51cd5d842db0c9bb9bed24e0722d4049') in 0.035129 seconds
  Import took 0.037881 seconds .

========================================================================
Received Import Request.
  Time since last request: 0.000300 seconds.
  path: Assets/Concrete Floors + Walls/Concrete Floors + Walls/Concrete_wall_V9.png
  artifactKey: Guid(1da1547aa5392b24d8db1d1c73ede04d) Importer(815301076,1909f56bfc062723c751e8b465ee728b)
Start importing Assets/Concrete Floors + Walls/Concrete Floors + Walls/Concrete_wall_V9.png using Guid(1da1547aa5392b24d8db1d1c73ede04d) Importer(815301076,1909f56bfc062723c751e8b465ee728b)  -> (artifact id: '7329482af068823192dd12e86fdc016c') in 0.013169 seconds
  Import took 0.017121 seconds .

========================================================================
Received Import Request.
  Time since last request: 0.000410 seconds.
  path: Assets/Concrete Floors + Walls/Concrete Floors + Walls/Concrete_wall_V8-1.png (1).png
  artifactKey: Guid(f2099abba7f8dfa4d85b5d66131d5c62) Importer(815301076,1909f56bfc062723c751e8b465ee728b)
Start importing Assets/Concrete Floors + Walls/Concrete Floors + Walls/Concrete_wall_V8-1.png (1).png using Guid(f2099abba7f8dfa4d85b5d66131d5c62) Importer(815301076,1909f56bfc062723c751e8b465ee728b)  -> (artifact id: '51cd5d842db0c9bb9bed24e0722d4049') in 0.035129 seconds
  Import took 0.038268 seconds .

========================================================================
Received Import Request.
  Time since last request: 0.000323 seconds.
  path: Assets/Concrete Floors + Walls/Concrete Floors + Walls/Concrete_wall_V9.png
  artifactKey: Guid(1da1547aa5392b24d8db1d1c73ede04d) Importer(815301076,1909f56bfc062723c751e8b465ee728b)
Start importing Assets/Concrete Floors + Walls/Concrete Floors + Walls/Concrete_wall_V9.png using Guid(1da1547aa5392b24d8db1d1c73ede04d) Importer(815301076,1909f56bfc062723c751e8b465ee728b)  -> (artifact id: '7329482af068823192dd12e86fdc016c') in 0.011388 seconds
  Import took 0.016312 seconds .

========================================================================
Received Import Request.
  Time since last request: 0.190954 seconds.
  path: Assets/Concrete Floors + Walls/Concrete Floors + Walls/Concrete_Wall_V10.png
  artifactKey: Guid(083660b18df753449aff71017861de06) Importer(815301076,1909f56bfc062723c751e8b465ee728b)
Start importing Assets/Concrete Floors + Walls/Concrete Floors + Walls/Concrete_Wall_V10.png using Guid(083660b18df753449aff71017861de06) Importer(815301076,1909f56bfc062723c751e8b465ee728b)  -> (artifact id: 'd6bfc0994581854273b26b0adb88679f') in 0.008893 seconds
  Import took 0.011820 seconds .

========================================================================
Received Import Request.
  Time since last request: 0.000403 seconds.
  path: Assets/Concrete Floors + Walls/Concrete Floors + Walls/ConcreteWall_V1-1.png (1).png
  artifactKey: Guid(6354bd06c658e724681330ee732841fd) Importer(815301076,1909f56bfc062723c751e8b465ee728b)
Start importing Assets/Concrete Floors + Walls/Concrete Floors + Walls/ConcreteWall_V1-1.png (1).png using Guid(6354bd06c658e724681330ee732841fd) Importer(815301076,1909f56bfc062723c751e8b465ee728b)  -> (artifact id: '3b0485fcd8f9b19bdf8a5bf7fa54b0ab') in 0.011426 seconds
  Import took 0.014589 seconds .

========================================================================
Received Import Request.
  Time since last request: 0.000433 seconds.
  path: Assets/Concrete Floors + Walls/Concrete Floors + Walls/Concrete_Wall_V10.png
  artifactKey: Guid(083660b18df753449aff71017861de06) Importer(815301076,1909f56bfc062723c751e8b465ee728b)
Start importing Assets/Concrete Floors + Walls/Concrete Floors + Walls/Concrete_Wall_V10.png using Guid(083660b18df753449aff71017861de06) Importer(815301076,1909f56bfc062723c751e8b465ee728b)  -> (artifact id: 'd6bfc0994581854273b26b0adb88679f') in 0.008648 seconds
  Import took 0.012009 seconds .

========================================================================
Received Import Request.
  Time since last request: 0.000351 seconds.
  path: Assets/Concrete Floors + Walls/Concrete Floors + Walls/ConcreteWall_V1-1.png (1).png
  artifactKey: Guid(6354bd06c658e724681330ee732841fd) Importer(815301076,1909f56bfc062723c751e8b465ee728b)
Start importing Assets/Concrete Floors + Walls/Concrete Floors + Walls/ConcreteWall_V1-1.png (1).png using Guid(6354bd06c658e724681330ee732841fd) Importer(815301076,1909f56bfc062723c751e8b465ee728b)  -> (artifact id: '3b0485fcd8f9b19bdf8a5bf7fa54b0ab') in 0.009706 seconds
  Import took 0.013343 seconds .

========================================================================
Received Import Request.
  Time since last request: 0.277503 seconds.
  path: Assets/Decorations/Crate1-1.png.png
  artifactKey: Guid(12f8e1009fc09c54891e995af6174fef) Importer(815301076,1909f56bfc062723c751e8b465ee728b)
Start importing Assets/Decorations/Crate1-1.png.png using Guid(12f8e1009fc09c54891e995af6174fef) Importer(815301076,1909f56bfc062723c751e8b465ee728b)  -> (artifact id: '20616a1d3aca362fd2ba2195faf944d1') in 0.010930 seconds
  Import took 0.013786 seconds .

========================================================================
Received Import Request.
  Time since last request: 0.000380 seconds.
  path: Assets/Decorations/Crate2-1.png.png
  artifactKey: Guid(59e41cdbeaa60f14f84706e5c95adb00) Importer(815301076,1909f56bfc062723c751e8b465ee728b)
Start importing Assets/Decorations/Crate2-1.png.png using Guid(59e41cdbeaa60f14f84706e5c95adb00) Importer(815301076,1909f56bfc062723c751e8b465ee728b)  -> (artifact id: '6c8baad03e820e3780937922454e0fed') in 0.040430 seconds
  Import took 0.043283 seconds .

========================================================================
Received Import Request.
  Time since last request: 0.706531 seconds.
  path: Assets/Key Objects/Keycard(Red).png
  artifactKey: Guid(50bff9fbae49d04409e6692465717d2b) Importer(815301076,1909f56bfc062723c751e8b465ee728b)
Start importing Assets/Key Objects/Keycard(Red).png using Guid(50bff9fbae49d04409e6692465717d2b) Importer(815301076,1909f56bfc062723c751e8b465ee728b)  -> (artifact id: '4e9e081e2942e3eed88f109df529d8e2') in 0.012009 seconds
  Import took 0.014883 seconds .

========================================================================
Received Import Request.
  Time since last request: 0.037907 seconds.
  path: Assets/Key Objects/LockedDoor(Blue).png
  artifactKey: Guid(637570dcde60a774dbd8baf37436cea5) Importer(815301076,1909f56bfc062723c751e8b465ee728b)
Start importing Assets/Key Objects/LockedDoor(Blue).png using Guid(637570dcde60a774dbd8baf37436cea5) Importer(815301076,1909f56bfc062723c751e8b465ee728b)  -> (artifact id: '2026714cd3b48738a147e05f373af156') in 0.011594 seconds
  Import took 0.015077 seconds .

========================================================================
Received Import Request.
  Time since last request: 0.000411 seconds.
  path: Assets/Key Objects/LockedDoor(Blue)-1.png.png
  artifactKey: Guid(567050bb37a94a64282ac64f33d796b8) Importer(815301076,1909f56bfc062723c751e8b465ee728b)
Start importing Assets/Key Objects/LockedDoor(Blue)-1.png.png using Guid(567050bb37a94a64282ac64f33d796b8) Importer(815301076,1909f56bfc062723c751e8b465ee728b)  -> (artifact id: 'c070630506b99c7ffbaf13293c5af979') in 0.025693 seconds
  Import took 0.028535 seconds .

========================================================================
Received Import Request.
  Time since last request: 0.001172 seconds.
  path: Assets/Key Objects/LockedDoor(Blue)-1.png.png
  artifactKey: Guid(567050bb37a94a64282ac64f33d796b8) Importer(815301076,1909f56bfc062723c751e8b465ee728b)
Start importing Assets/Key Objects/LockedDoor(Blue)-1.png.png using Guid(567050bb37a94a64282ac64f33d796b8) Importer(815301076,1909f56bfc062723c751e8b465ee728b)  -> (artifact id: 'c070630506b99c7ffbaf13293c5af979') in 0.028313 seconds
  Import took 0.031245 seconds .

========================================================================
Received Import Request.
  Time since last request: 0.946005 seconds.
  path: Assets/Key Objects/LockedDoor(Green).png
  artifactKey: Guid(902f7727078829d46af1f7ed23d2d2e3) Importer(815301076,1909f56bfc062723c751e8b465ee728b)
Start importing Assets/Key Objects/LockedDoor(Green).png using Guid(902f7727078829d46af1f7ed23d2d2e3) Importer(815301076,1909f56bfc062723c751e8b465ee728b)  -> (artifact id: '40d225a9bc1f41cb8f6a1196331ee102') in 0.009827 seconds
  Import took 0.012657 seconds .

========================================================================
Received Import Request.
  Time since last request: 0.000407 seconds.
  path: Assets/Key Objects/LockedDoor(Green)-1.png.png
  artifactKey: Guid(69081a69a5ce19f4d8f9bff401a0f7d1) Importer(815301076,1909f56bfc062723c751e8b465ee728b)
Start importing Assets/Key Objects/LockedDoor(Green)-1.png.png using Guid(69081a69a5ce19f4d8f9bff401a0f7d1) Importer(815301076,1909f56bfc062723c751e8b465ee728b)  -> (artifact id: '10b7714b1fbd3734a6b73907c88e10b8') in 0.009785 seconds
  Import took 0.012509 seconds .

========================================================================
Received Import Request.
  Time since last request: 0.014488 seconds.
  path: Assets/Key Objects/LockedDoor(Red).png
  artifactKey: Guid(fb0638576cfa12e4b9e5a6a77bd7aa0a) Importer(815301076,1909f56bfc062723c751e8b465ee728b)
Start importing Assets/Key Objects/LockedDoor(Red).png using Guid(fb0638576cfa12e4b9e5a6a77bd7aa0a) Importer(815301076,1909f56bfc062723c751e8b465ee728b)  -> (artifact id: '26ec3a850ebfebc117227fb3c6aa22e5') in 0.012667 seconds
  Import took 0.016581 seconds .

========================================================================
Received Import Request.
  Time since last request: 0.000391 seconds.
  path: Assets/Key Objects/LockedDoor(Red)-1.png.png
  artifactKey: Guid(f74c060c84efd4f46bd429573f289e34) Importer(815301076,1909f56bfc062723c751e8b465ee728b)
Start importing Assets/Key Objects/LockedDoor(Red)-1.png.png using Guid(f74c060c84efd4f46bd429573f289e34) Importer(815301076,1909f56bfc062723c751e8b465ee728b)  -> (artifact id: '2e13fa6d3c8deb29dfa981aa56030626') in 0.014748 seconds
  Import took 0.018229 seconds .

========================================================================
Received Import Request.
  Time since last request: 0.185934 seconds.
  path: Assets/Key Objects/LockedDoor(Yellow).png
  artifactKey: Guid(de538dbbba1a8f14a878ad94f63111f2) Importer(815301076,1909f56bfc062723c751e8b465ee728b)
Start importing Assets/Key Objects/LockedDoor(Yellow).png using Guid(de538dbbba1a8f14a878ad94f63111f2) Importer(815301076,1909f56bfc062723c751e8b465ee728b)  -> (artifact id: '02daa747fcfa6d0eb55539e69de7ab4f') in 0.009116 seconds
  Import took 0.012182 seconds .

========================================================================
Received Import Request.
  Time since last request: 424.239931 seconds.
  path: Assets/Menu Properties/BackToMenu-1.png.png
  artifactKey: Guid(0db34c4a757d851488b622c1433fdb8c) Importer(815301076,1909f56bfc062723c751e8b465ee728b)
Start importing Assets/Menu Properties/BackToMenu-1.png.png using Guid(0db34c4a757d851488b622c1433fdb8c) Importer(815301076,1909f56bfc062723c751e8b465ee728b)  -> (artifact id: 'c9e4acd1820a73246429ed8a7acbbc70') in 0.015253 seconds
  Import took 0.019671 seconds .

========================================================================
Received Import Request.
  Time since last request: 579.141346 seconds.
  path: Assets/Scenes/Level.unity
  artifactKey: Guid(2cda990e2423bbf4892e6590ba056729) Importer(815301076,1909f56bfc062723c751e8b465ee728b)
Start importing Assets/Scenes/Level.unity using Guid(2cda990e2423bbf4892e6590ba056729) Importer(815301076,1909f56bfc062723c751e8b465ee728b)  -> (artifact id: 'c5512eaf23b91545f3a7a88f02f5089e') in 0.006706 seconds
  Import took 0.010229 seconds .

========================================================================
Received Prepare
Registering precompiled user dll's ...
Registered in 0.002339 seconds.
Begin MonoManager ReloadAssembly
Native extension for WindowsStandalone target not found
Refreshing native plugins compatible for Editor in 0.50 ms, found 1 plugins.
Preloading 0 native plugins for Editor in 0.00 ms.
Mono: successfully reloaded assembly
- Completed reload, in  0.991 seconds
Platform modules already initialized, skipping
Refreshing native plugins compatible for Editor in 0.37 ms, found 1 plugins.
Preloading 0 native plugins for Editor in 0.00 ms.
Unloading 1812 Unused Serialized files (Serialized files now loaded: 0)
System memory in use before: 88.5 MB.
System memory in use after: 88.5 MB.

Unloading 12 unused Assets to reduce memory usage. Loaded Objects now: 2300.
Total: 2.256700 ms (FindLiveObjects: 0.208100 ms CreateObjectMapping: 0.077600 ms MarkObjects: 1.859200 ms  DeleteObjects: 0.110700 ms)

========================================================================
Received Import Request.
  Time since last request: 628.064538 seconds.
  path: Assets/Scenes/main menu.unity
  artifactKey: Guid(620fe36beb018b54cb364791a3a498f5) Importer(815301076,1909f56bfc062723c751e8b465ee728b)
Start importing Assets/Scenes/main menu.unity using Guid(620fe36beb018b54cb364791a3a498f5) Importer(815301076,1909f56bfc062723c751e8b465ee728b)  -> (artifact id: '292aeda484d9d0e20971dc71afae344b') in 0.016755 seconds
  Import took 0.020361 seconds .

========================================================================
Received Import Request.
  Time since last request: 20.076685 seconds.
  path: Assets/Scenes/Level.unity
  artifactKey: Guid(2cda990e2423bbf4892e6590ba056729) Importer(815301076,1909f56bfc062723c751e8b465ee728b)
Start importing Assets/Scenes/Level.unity using Guid(2cda990e2423bbf4892e6590ba056729) Importer(815301076,1909f56bfc062723c751e8b465ee728b)  -> (artifact id: '0a0ff0d59515bc1b33682ce0df7dc053') in 0.007165 seconds
  Import took 0.011986 seconds .

========================================================================
Received Prepare
Registering precompiled user dll's ...
Registered in 0.000915 seconds.
Begin MonoManager ReloadAssembly
Native extension for WindowsStandalone target not found
Refreshing native plugins compatible for Editor in 0.41 ms, found 1 plugins.
Preloading 0 native plugins for Editor in 0.00 ms.
Mono: successfully reloaded assembly
- Completed reload, in  0.867 seconds
Platform modules already initialized, skipping
Refreshing native plugins compatible for Editor in 0.34 ms, found 1 plugins.
Preloading 0 native plugins for Editor in 0.00 ms.
Unloading 1812 Unused Serialized files (Serialized files now loaded: 0)
System memory in use before: 88.6 MB.
System memory in use after: 88.5 MB.

Unloading 12 unused Assets to reduce memory usage. Loaded Objects now: 2304.
Total: 2.336000 ms (FindLiveObjects: 0.171400 ms CreateObjectMapping: 0.094500 ms MarkObjects: 1.948200 ms  DeleteObjects: 0.120500 ms)

========================================================================
Received Prepare
Registering precompiled user dll's ...
Registered in 0.000852 seconds.
Begin MonoManager ReloadAssembly
Native extension for WindowsStandalone target not found
Refreshing native plugins compatible for Editor in 0.35 ms, found 1 plugins.
Preloading 0 native plugins for Editor in 0.00 ms.
Mono: successfully reloaded assembly
- Completed reload, in  0.882 seconds
Platform modules already initialized, skipping
Refreshing native plugins compatible for Editor in 0.33 ms, found 1 plugins.
Preloading 0 native plugins for Editor in 0.00 ms.
Unloading 1812 Unused Serialized files (Serialized files now loaded: 0)
System memory in use before: 88.6 MB.
System memory in use after: 88.5 MB.

Unloading 12 unused Assets to reduce memory usage. Loaded Objects now: 2308.
Total: 2.553300 ms (FindLiveObjects: 0.625500 ms CreateObjectMapping: 0.159400 ms MarkObjects: 1.665800 ms  DeleteObjects: 0.101500 ms)

AssetImportWorkerClient::OnTransportError - code=2 error=End of file
