Using pre-set license
Built from '2020.3/staging' branch; Version is '2020.3.6f1 (338bb68529b2) revision 3378102'; Using compiler version '192528614'; Build Type 'Release'
OS: 'Windows 10 Education; OS build 19042.985; Version 2009; 64bit' Language: 'en' Physical Memory: 7906 MB
BatchMode: 1, IsHumanControllingUs: 0, StartBugReporterOnCrash: 0, Is64bit: 1, IsPro: 0

 COMMAND LINE ARGUMENTS:
C:\Program Files\Unity\Hub\Editor\2020.3.6f1\Editor\Unity.exe
-adb2
-batchMode
-noUpm
-name
AssetImportWorker0
-projectPath
C:/Users/atila.ozeken/Documents/MDP-GameRepository/MDP-GameProjectFile
-logFile
Logs/AssetImportWorker0.log
-srvPort
54535
Successfully changed project path to: C:/Users/atila.ozeken/Documents/MDP-GameRepository/MDP-GameProjectFile
C:/Users/atila.ozeken/Documents/MDP-GameRepository/MDP-GameProjectFile
Using Asset Import Pipeline V2.
Refreshing native plugins compatible for Editor in 31.06 ms, found 1 plugins.
Preloading 0 native plugins for Editor in 0.00 ms.
Initialize engine version: 2020.3.6f1 (338bb68529b2)
[Subsystems] Discovering subsystems at path C:/Program Files/Unity/Hub/Editor/2020.3.6f1/Editor/Data/Resources/UnitySubsystems
[Subsystems] Discovering subsystems at path C:/Users/atila.ozeken/Documents/MDP-GameRepository/MDP-GameProjectFile/Assets
GfxDevice: creating device client; threaded=0
Direct3D:
    Version:  Direct3D 11.0 [level 11.0]
    Renderer: NVIDIA GeForce GT 730 (ID=0x1287)
    Vendor:   
    VRAM:     2007 MB
    Driver:   27.21.14.5707
Initialize mono
Mono path[0] = 'C:/Program Files/Unity/Hub/Editor/2020.3.6f1/Editor/Data/Managed'
Mono path[1] = 'C:/Program Files/Unity/Hub/Editor/2020.3.6f1/Editor/Data/MonoBleedingEdge/lib/mono/unityjit'
Mono config path = 'C:/Program Files/Unity/Hub/Editor/2020.3.6f1/Editor/Data/MonoBleedingEdge/etc'
Using monoOptions --debugger-agent=transport=dt_socket,embedding=1,server=y,suspend=n,address=127.0.0.1:56000
Begin MonoManager ReloadAssembly
Registering precompiled unity dll's ...
Register platform support module: C:/Program Files/Unity/Hub/Editor/2020.3.6f1/Editor/Data/PlaybackEngines/WindowsStandaloneSupport/UnityEditor.WindowsStandalone.Extensions.dll
Registered in 0.001584 seconds.
Native extension for WindowsStandalone target not found
Refreshing native plugins compatible for Editor in 30.61 ms, found 1 plugins.
Preloading 0 native plugins for Editor in 0.00 ms.
Mono: successfully reloaded assembly
- Completed reload, in  1.526 seconds
Platform modules already initialized, skipping
Registering precompiled user dll's ...
Registered in 0.000755 seconds.
Begin MonoManager ReloadAssembly
Native extension for WindowsStandalone target not found
Refreshing native plugins compatible for Editor in 30.07 ms, found 1 plugins.
Preloading 0 native plugins for Editor in 0.00 ms.
Mono: successfully reloaded assembly
- Completed reload, in  0.772 seconds
Platform modules already initialized, skipping
========================================================================
Worker process is ready to serve import requests
Launched and connected shader compiler UnityShaderCompiler.exe after 0.04 seconds
Refreshing native plugins compatible for Editor in 0.33 ms, found 1 plugins.
Preloading 0 native plugins for Editor in 0.00 ms.
Unloading 1810 Unused Serialized files (Serialized files now loaded: 0)
System memory in use before: 84.8 MB.
System memory in use after: 84.8 MB.

Unloading 24 unused Assets to reduce memory usage. Loaded Objects now: 2252.
Total: 1.750200 ms (FindLiveObjects: 0.193100 ms CreateObjectMapping: 0.067400 ms MarkObjects: 1.386100 ms  DeleteObjects: 0.102700 ms)

========================================================================
Received Import Request.
  path: Assets/AI_patrol.cs
  artifactKey: Guid(7e14c2af81fb49d4f88214119afa51a7) Importer(815301076,1909f56bfc062723c751e8b465ee728b)
Start importing Assets/AI_patrol.cs using Guid(7e14c2af81fb49d4f88214119afa51a7) Importer(815301076,1909f56bfc062723c751e8b465ee728b)  -> (artifact id: 'e874285d5a53c178187969c3b658d66b') in 0.024577 seconds
  Import took 0.028796 seconds .

========================================================================
Received Import Request.
  Time since last request: 915.266893 seconds.
  path: Assets/AI_patrol.cs
  artifactKey: Guid(7e14c2af81fb49d4f88214119afa51a7) Importer(815301076,1909f56bfc062723c751e8b465ee728b)
Start importing Assets/AI_patrol.cs using Guid(7e14c2af81fb49d4f88214119afa51a7) Importer(815301076,1909f56bfc062723c751e8b465ee728b)  -> (artifact id: '0ea961ace33495cd81e272d96534ac33') in 0.009687 seconds
  Import took 0.021479 seconds .

========================================================================
Received Import Request.
  Time since last request: 19.491022 seconds.
  path: Assets/AIPatrol.cs
  artifactKey: Guid(7e14c2af81fb49d4f88214119afa51a7) Importer(815301076,1909f56bfc062723c751e8b465ee728b)
Start importing Assets/AIPatrol.cs using Guid(7e14c2af81fb49d4f88214119afa51a7) Importer(815301076,1909f56bfc062723c751e8b465ee728b)  -> (artifact id: '3376f0c31a2a1359ed8116be6a239d7a') in 0.006811 seconds
  Import took 0.010165 seconds .

========================================================================
Received Import Request.
  Time since last request: 0.000651 seconds.
  path: Assets/AIPatrol.cs
  artifactKey: Guid(7e14c2af81fb49d4f88214119afa51a7) Importer(815301076,1909f56bfc062723c751e8b465ee728b)
Start importing Assets/AIPatrol.cs using Guid(7e14c2af81fb49d4f88214119afa51a7) Importer(815301076,1909f56bfc062723c751e8b465ee728b)  -> (artifact id: '3376f0c31a2a1359ed8116be6a239d7a') in 0.001758 seconds
  Import took 0.004765 seconds .

========================================================================
Received Import Request.
  Time since last request: 210.253217 seconds.
  path: Assets/AI_patrol.cs
  artifactKey: Guid(e48db203ce219f947bb104b4fd6b917d) Importer(815301076,1909f56bfc062723c751e8b465ee728b)
Start importing Assets/AI_patrol.cs using Guid(e48db203ce219f947bb104b4fd6b917d) Importer(815301076,1909f56bfc062723c751e8b465ee728b)  -> (artifact id: 'c2da3241dfe20f2f2f56f4d34f4e227c') in 0.002056 seconds
  Import took 0.015208 seconds .

========================================================================
Received Prepare
Registering precompiled user dll's ...
Registered in 0.033670 seconds.
Begin MonoManager ReloadAssembly
Native extension for WindowsStandalone target not found
Refreshing native plugins compatible for Editor in 0.34 ms, found 1 plugins.
Preloading 0 native plugins for Editor in 0.00 ms.
Mono: successfully reloaded assembly
- Completed reload, in  0.699 seconds
Platform modules already initialized, skipping
Refreshing native plugins compatible for Editor in 0.32 ms, found 1 plugins.
Preloading 0 native plugins for Editor in 0.00 ms.
Unloading 1804 Unused Serialized files (Serialized files now loaded: 0)
System memory in use before: 84.8 MB.
System memory in use after: 84.7 MB.

Unloading 13 unused Assets to reduce memory usage. Loaded Objects now: 2255.
Total: 2.293400 ms (FindLiveObjects: 0.471600 ms CreateObjectMapping: 0.120200 ms MarkObjects: 1.605400 ms  DeleteObjects: 0.095300 ms)

========================================================================
Received Import Request.
  Time since last request: 46.419581 seconds.
  path: Assets/AI Sprites
  artifactKey: Guid(058bf0efb8349d248ad83697b06bfe5e) Importer(815301076,1909f56bfc062723c751e8b465ee728b)
Start importing Assets/AI Sprites using Guid(058bf0efb8349d248ad83697b06bfe5e) Importer(815301076,1909f56bfc062723c751e8b465ee728b)  -> (artifact id: 'e88156bd04498f06fa35a0ab3bb3bd17') in 0.012125 seconds
  Import took 0.015231 seconds .

========================================================================
Received Import Request.
  Time since last request: 0.028029 seconds.
  path: Assets/AI Sprites/Security-Guard-1-1.png.png
  artifactKey: Guid(16f811e623b6e92419b215bdd895d218) Importer(815301076,1909f56bfc062723c751e8b465ee728b)
Start importing Assets/AI Sprites/Security-Guard-1-1.png.png using Guid(16f811e623b6e92419b215bdd895d218) Importer(815301076,1909f56bfc062723c751e8b465ee728b)  -> (artifact id: '3edd02e68ae5080f3c8412f02aab2af9') in 0.094349 seconds
  Import took 0.097772 seconds .

========================================================================
Received Import Request.
  Time since last request: 0.000280 seconds.
  path: Assets/AI Sprites/Security_Guard_Idle(Back) -1.png.png
  artifactKey: Guid(1a4af8c73ea269f418bd08230c9d50e0) Importer(815301076,1909f56bfc062723c751e8b465ee728b)
Start importing Assets/AI Sprites/Security_Guard_Idle(Back) -1.png.png using Guid(1a4af8c73ea269f418bd08230c9d50e0) Importer(815301076,1909f56bfc062723c751e8b465ee728b)  -> (artifact id: '19b10cc2a9548a456df2a5810d680054') in 0.012151 seconds
  Import took 0.015440 seconds .

========================================================================
Received Import Request.
  Time since last request: 0.000186 seconds.
  path: Assets/AI Sprites/Security_Guard_Idle(Right)-1.png.png
  artifactKey: Guid(f1a4036a7f429fd4882e19834cdbba31) Importer(815301076,1909f56bfc062723c751e8b465ee728b)
Start importing Assets/AI Sprites/Security_Guard_Idle(Right)-1.png.png using Guid(f1a4036a7f429fd4882e19834cdbba31) Importer(815301076,1909f56bfc062723c751e8b465ee728b)  -> (artifact id: '5243b1d5d72e3d153c31f2870cd711ca') in 0.011777 seconds
  Import took 0.015221 seconds .

========================================================================
Received Import Request.
  Time since last request: 0.000294 seconds.
  path: Assets/AI Sprites/Security_Guard_Idle(left)-1.png.png
  artifactKey: Guid(da868b99549bbb040b8416c805309a1e) Importer(815301076,1909f56bfc062723c751e8b465ee728b)
Start importing Assets/AI Sprites/Security_Guard_Idle(left)-1.png.png using Guid(da868b99549bbb040b8416c805309a1e) Importer(815301076,1909f56bfc062723c751e8b465ee728b)  -> (artifact id: 'f0e1e132384b653082463d94cffd96f0') in 0.011569 seconds
  Import took 0.015038 seconds .

========================================================================
Received Prepare
Registering precompiled user dll's ...
Registered in 0.000702 seconds.
Begin MonoManager ReloadAssembly
Native extension for WindowsStandalone target not found
Refreshing native plugins compatible for Editor in 0.32 ms, found 1 plugins.
Preloading 0 native plugins for Editor in 0.00 ms.
Mono: successfully reloaded assembly
- Completed reload, in  0.680 seconds
Platform modules already initialized, skipping
Refreshing native plugins compatible for Editor in 0.35 ms, found 1 plugins.
Preloading 0 native plugins for Editor in 0.00 ms.
Unloading 1805 Unused Serialized files (Serialized files now loaded: 0)
System memory in use before: 87.9 MB.
System memory in use after: 87.9 MB.

Unloading 12 unused Assets to reduce memory usage. Loaded Objects now: 2266.
Total: 2.011600 ms (FindLiveObjects: 0.333500 ms CreateObjectMapping: 0.081300 ms MarkObjects: 1.508200 ms  DeleteObjects: 0.087800 ms)

========================================================================
Received Import Request.
  Time since last request: 83.487359 seconds.
  path: Assets/Scropts
  artifactKey: Guid(2cfdc313b8a534e4d8444cbce770c4ce) Importer(815301076,1909f56bfc062723c751e8b465ee728b)
Start importing Assets/Scropts using Guid(2cfdc313b8a534e4d8444cbce770c4ce) Importer(815301076,1909f56bfc062723c751e8b465ee728b)  -> (artifact id: 'd98f9e91c57c9b0decf14ffc2c7d32f2') in 0.011047 seconds
  Import took 0.014628 seconds .

========================================================================
Received Import Request.
  Time since last request: 8.365576 seconds.
  path: Assets/Scripts
  artifactKey: Guid(2cfdc313b8a534e4d8444cbce770c4ce) Importer(815301076,1909f56bfc062723c751e8b465ee728b)
Start importing Assets/Scripts using Guid(2cfdc313b8a534e4d8444cbce770c4ce) Importer(815301076,1909f56bfc062723c751e8b465ee728b)  -> (artifact id: '2eede609aa7a91d966aa830dc1a7a8ef') in 0.007961 seconds
  Import took 0.011243 seconds .

========================================================================
Received Prepare
Registering precompiled user dll's ...
Registered in 0.000734 seconds.
Begin MonoManager ReloadAssembly
Native extension for WindowsStandalone target not found
Refreshing native plugins compatible for Editor in 0.36 ms, found 1 plugins.
Preloading 0 native plugins for Editor in 0.00 ms.
Mono: successfully reloaded assembly
- Completed reload, in  0.696 seconds
Platform modules already initialized, skipping
Refreshing native plugins compatible for Editor in 0.33 ms, found 1 plugins.
Preloading 0 native plugins for Editor in 0.00 ms.
Unloading 1805 Unused Serialized files (Serialized files now loaded: 0)
System memory in use before: 87.9 MB.
System memory in use after: 87.9 MB.

Unloading 12 unused Assets to reduce memory usage. Loaded Objects now: 2270.
Total: 1.836700 ms (FindLiveObjects: 0.241000 ms CreateObjectMapping: 0.067300 ms MarkObjects: 1.430600 ms  DeleteObjects: 0.096700 ms)

========================================================================
Received Prepare
Registering precompiled user dll's ...
Registered in 0.000771 seconds.
Begin MonoManager ReloadAssembly
Native extension for WindowsStandalone target not found
Refreshing native plugins compatible for Editor in 0.33 ms, found 1 plugins.
Preloading 0 native plugins for Editor in 0.00 ms.
Mono: successfully reloaded assembly
- Completed reload, in  0.690 seconds
Platform modules already initialized, skipping
Refreshing native plugins compatible for Editor in 0.34 ms, found 1 plugins.
Preloading 0 native plugins for Editor in 0.00 ms.
Unloading 1805 Unused Serialized files (Serialized files now loaded: 0)
System memory in use before: 87.9 MB.
System memory in use after: 87.9 MB.

Unloading 12 unused Assets to reduce memory usage. Loaded Objects now: 2274.
Total: 1.956300 ms (FindLiveObjects: 0.194700 ms CreateObjectMapping: 0.058700 ms MarkObjects: 1.567400 ms  DeleteObjects: 0.134500 ms)

========================================================================
Received Prepare
Registering precompiled user dll's ...
Registered in 0.000692 seconds.
Begin MonoManager ReloadAssembly
Native extension for WindowsStandalone target not found
Refreshing native plugins compatible for Editor in 0.32 ms, found 1 plugins.
Preloading 0 native plugins for Editor in 0.00 ms.
Mono: successfully reloaded assembly
- Completed reload, in  0.665 seconds
Platform modules already initialized, skipping
Refreshing native plugins compatible for Editor in 0.35 ms, found 1 plugins.
Preloading 0 native plugins for Editor in 0.00 ms.
Unloading 1805 Unused Serialized files (Serialized files now loaded: 0)
System memory in use before: 87.9 MB.
System memory in use after: 87.9 MB.

Unloading 12 unused Assets to reduce memory usage. Loaded Objects now: 2278.
Total: 2.184700 ms (FindLiveObjects: 0.276400 ms CreateObjectMapping: 0.058900 ms MarkObjects: 1.714500 ms  DeleteObjects: 0.133700 ms)

========================================================================
Received Import Request.
  Time since last request: 11.475397 seconds.
  path: Assets/Scripts/AIPatrol.cs
  artifactKey: Guid(7e14c2af81fb49d4f88214119afa51a7) Importer(815301076,1909f56bfc062723c751e8b465ee728b)
Start importing Assets/Scripts/AIPatrol.cs using Guid(7e14c2af81fb49d4f88214119afa51a7) Importer(815301076,1909f56bfc062723c751e8b465ee728b)  -> (artifact id: '3c96f3be95a07f2fb6452d242365ad5d') in 0.005961 seconds
  Import took 0.018486 seconds .

========================================================================
Received Import Request.
  Time since last request: 11.668636 seconds.
  path: Assets/Scripts/AIPatrol.cs
  artifactKey: Guid(7e14c2af81fb49d4f88214119afa51a7) Importer(815301076,1909f56bfc062723c751e8b465ee728b)
Start importing Assets/Scripts/AIPatrol.cs using Guid(7e14c2af81fb49d4f88214119afa51a7) Importer(815301076,1909f56bfc062723c751e8b465ee728b)  -> (artifact id: 'a3368ccb9d45a077f775282500894d85') in 0.002274 seconds
  Import took 0.014925 seconds .

========================================================================
Received Import Request.
  Time since last request: 0.001264 seconds.
  path: Assets/Scripts/AIPatrol.cs
  artifactKey: Guid(7e14c2af81fb49d4f88214119afa51a7) Importer(815301076,1909f56bfc062723c751e8b465ee728b)
Start importing Assets/Scripts/AIPatrol.cs using Guid(7e14c2af81fb49d4f88214119afa51a7) Importer(815301076,1909f56bfc062723c751e8b465ee728b)  -> (artifact id: 'a3368ccb9d45a077f775282500894d85') in 0.002316 seconds
  Import took 0.005328 seconds .

AssetImportWorkerClient::OnTransportError - code=2 error=End of file
